<?xml version="1.0" encoding="UTF-8"?>
<!-- Generated by org.testng.reporters.JUnitReportReporter -->
<testsuite hostname="DESKTOP-N6252ND" failures="0" tests="1" name="herokutests.PositiveTests" time="7.654" errors="0" timestamp="2022-02-07T14:19:12 IST" skipped="0">
  <testcase classname="herokutests.PositiveTests" name="loginTest" time="7.654"/>
  <system-out/>
</testsuite> <!-- herokutests.PositiveTests -->
