<?xml version="1.0" encoding="UTF-8"?>
<!-- Generated by org.testng.reporters.JUnitReportReporter -->
<testsuite hostname="DESKTOP-N6252ND" failures="0" tests="1" name="herokutests.PositiveTests" time="8.088" errors="0" timestamp="2022-01-28T17:47:08 IST" skipped="0">
  <testcase classname="herokutests.PositiveTests" name="loginTest" time="8.088"/>
  <system-out/>
</testsuite> <!-- herokutests.PositiveTests -->
